<?xml version="1.0" encoding="UTF-8"?>
<testsuite xmlns:xsi="http://www.w3.org/2001/XMLSchema-instance" xsi:noNamespaceSchemaLocation="https://maven.apache.org/surefire/maven-surefire-plugin/xsd/surefire-test-report.xsd" version="3.0.2" name="hellocucumber.RunCucumberTest" time="0.482" tests="10" errors="0" skipped="0" failures="0">
  <properties>
[...]
</properties>
  <testcase name="Assign employee to activity - Add an employee to an activity" classname="Assign employee to activity" time="0.155"/>
  <testcase name="Assign project leader - Assign a project leader to a project" classname="Assign project leader" time="0.018"/>
  <testcase name="Create activity with details - Add an activity with details" classname="Create activity with details" time="0.021"/>
  <testcase name="Create employee - Create employee with 4-letter initials" classname="Create employee" time="0.006"/>
  <testcase name="Create project - Create project with a unique name" classname="Create project" time="0.009"/>
  <testcase name="Register absence - Register vacation for an employee" classname="Register absence" time="0.011"/>
  <testcase name="Register work hours - Employee registers hours on an activity" classname="Register work hours" time="0.008"/>
  <testcase name="Remove employee from activity - Remove an assigned employee from an activity" classname="Remove employee from activity" time="0.011"/>
  <testcase name="View project report - View total hours worked in a project" classname="View project report" time="0.014"/>
  <testcase name="View available employees - List employees with no assigned activities" classname="View available employees" time="0.006"/>
</testsuite>